New TCP connection #1: localhost(9999) <-> localhost(443)
1 1  0.0061 (0.0061)  C>S  Handshake
      ClientHello
        Version 3.0 
        cipher suites
        SSL_DHE_RSA_WITH_3DES_EDE_CBC_SHA
        SSL_DHE_DSS_WITH_3DES_EDE_CBC_SHA
        SSL_RSA_WITH_3DES_EDE_CBC_SHA
        SSL_DHE_DSS_WITH_RC4_128_SHA
        SSL_RSA_WITH_IDEA_CBC_SHA
        SSL_RSA_WITH_RC4_128_SHA
        SSL_RSA_WITH_RC4_128_MD5
        SSL_DHE_DSS_WITH_RC2_56_CBC_SHA
        SSL_RSA_EXPORT1024_WITH_RC4_56_SHA
        SSL_DHE_DSS_EXPORT1024_WITH_DES_CBC_SHA
        SSL_RSA_EXPORT1024_WITH_DES_CBC_SHA
        SSL_RSA_EXPORT1024_WITH_RC2_CBC_56_MD5
        SSL_RSA_EXPORT1024_WITH_RC4_56_MD5
        SSL_DHE_RSA_WITH_DES_CBC_SHA
        SSL_DHE_DSS_WITH_DES_CBC_SHA
        SSL_RSA_WITH_DES_CBC_SHA
        SSL_DHE_RSA_EXPORT_WITH_DES40_CBC_SHA
        SSL_DHE_DSS_EXPORT_WITH_DES40_CBC_SHA
        SSL_RSA_EXPORT_WITH_DES40_CBC_SHA
        SSL_RSA_EXPORT_WITH_RC2_CBC_40_MD5
        SSL_RSA_EXPORT_WITH_RC4_40_MD5
        compression methods
                  NULL
1 2  0.0068 (0.0006)  S>C  Handshake
      ServerHello
        Version 3.0 
        session_id[32]=
          f2 6e ab c1 e6 db fa 55 4d 77 97 be 0d 28 23 fe 
          53 8a d5 3b 31 58 1d 93 35 65 10 a9 06 6b a2 a6 
        cipherSuite         SSL_DHE_RSA_WITH_3DES_EDE_CBC_SHA
        compressionMethod                   NULL
1 3  0.0846 (0.0778)  S>C  Handshake
      Certificate
1 4  0.0848 (0.0001)  S>C  Handshake
      ServerKeyExchange
1 5  0.0848 (0.0000)  S>C  Handshake
      ServerHelloDone
1 6  0.2475 (0.1627)  C>S  Handshake
      ClientKeyExchange
        DiffieHellmanClientPublicValue[128]=
          3c 8f 0f 93 8a 3a 1e 5c 07 cf 40 2f 7d bf 25 7a 
          e8 2b ba 54 46 d5 54 40 22 90 38 f2 88 c3 62 8a 
          ec b1 b7 f1 06 6d fa ba 46 dd f1 92 5f 44 18 44 
          8e df 33 30 64 79 e0 77 07 1f bc 10 dc 0d 6e 4b 
          4d 68 01 af 4a bf 83 62 de 87 d7 98 6c e3 9b af 
          a2 a6 60 67 18 46 89 29 fa 1a 72 df 92 2d 9e 4f 
          2c b2 02 b3 ef b7 03 07 49 69 c5 b2 37 ae a1 0e 
          10 e1 79 25 a4 70 02 15 69 d9 47 2c c8 48 23 67 
1 7  0.2475 (0.0000)  C>S  ChangeCipherSpec
1 8  0.2475 (0.0000)  C>S  Handshake
1 9  0.3239 (0.0763)  S>C  ChangeCipherSpec
1 10 0.3239 (0.0000)  S>C  Handshake
1 11 0.3266 (0.0027)  C>S  application_data
1 12 0.3566 (0.0299)  S>C  application_data
1 13 0.3571 (0.0005)  S>C  Alert
1    0.3574 (0.0003)  S>C  TCP FIN
New TCP connection #2: 127.0.0.2(9999) <-> localhost(443)
2 1  0.0039 (0.0039)  C>S  Handshake
      ClientHello
        Version 3.0 
        resume [32]=
          f2 6e ab c1 e6 db fa 55 4d 77 97 be 0d 28 23 fe 
          53 8a d5 3b 31 58 1d 93 35 65 10 a9 06 6b a2 a6 
        cipher suites
        SSL_DHE_RSA_WITH_3DES_EDE_CBC_SHA
        SSL_DHE_DSS_WITH_3DES_EDE_CBC_SHA
        SSL_RSA_WITH_3DES_EDE_CBC_SHA
        SSL_DHE_DSS_WITH_RC4_128_SHA
        SSL_RSA_WITH_IDEA_CBC_SHA
        SSL_RSA_WITH_RC4_128_SHA
        SSL_RSA_WITH_RC4_128_MD5
        SSL_DHE_DSS_WITH_RC2_56_CBC_SHA
        SSL_RSA_EXPORT1024_WITH_RC4_56_SHA
        SSL_DHE_DSS_EXPORT1024_WITH_DES_CBC_SHA
        SSL_RSA_EXPORT1024_WITH_DES_CBC_SHA
        SSL_RSA_EXPORT1024_WITH_RC2_CBC_56_MD5
        SSL_RSA_EXPORT1024_WITH_RC4_56_MD5
        SSL_DHE_RSA_WITH_DES_CBC_SHA
        SSL_DHE_DSS_WITH_DES_CBC_SHA
        SSL_RSA_WITH_DES_CBC_SHA
        SSL_DHE_RSA_EXPORT_WITH_DES40_CBC_SHA
        SSL_DHE_DSS_EXPORT_WITH_DES40_CBC_SHA
        SSL_RSA_EXPORT_WITH_DES40_CBC_SHA
        SSL_RSA_EXPORT_WITH_RC2_CBC_40_MD5
        SSL_RSA_EXPORT_WITH_RC4_40_MD5
        compression methods
                  NULL
2 2  0.0055 (0.0016)  S>C  Handshake
      ServerHello
        Version 3.0 
        session_id[32]=
          f2 6e ab c1 e6 db fa 55 4d 77 97 be 0d 28 23 fe 
          53 8a d5 3b 31 58 1d 93 35 65 10 a9 06 6b a2 a6 
        cipherSuite         SSL_DHE_RSA_WITH_3DES_EDE_CBC_SHA
        compressionMethod                   NULL
2 3  0.0055 (0.0000)  S>C  ChangeCipherSpec
2 4  0.0055 (0.0000)  S>C  Handshake
2 5  0.0066 (0.0010)  C>S  ChangeCipherSpec
2 6  0.0066 (0.0000)  C>S  Handshake
1 14 0.3698 (0.0124)  C>S  Alert
1    0.3702 (0.0004)  C>S  TCP FIN
2 7  0.0996 (0.0930)  C>S  application_data
2 8  0.1224 (0.0227)  S>C  application_data
2 9  0.1244 (0.0019)  S>C  Alert
2 10 0.1248 (0.0004)  C>S  Alert
2    0.1254 (0.0005)  C>S  TCP FIN
2    0.1300 (0.0046)  S>C  TCP FIN
